[mandsworks.com/index.html]
[backblue.gif]
[fade.gif]
[index.html]
[mandsworks.com/img/logo.png]
[mandsworks.com/index.html]
[mandsworks.com/img/glyphicons-halflings.png]
[mandsworks.com/img/glyphicons-halflings-white.png]
[mandsworks.com/img/bg1.jpg]
[mandsworks.com/img/bg2.jpg]
[mandsworks.com/img/bg3.jpg]
[mandsworks.com/css/css/backgroundsize.min.b.delayed]
[mandsworks.com/css/main.css]
[mandsworks.com/js/vendor/modernizr-2.6.2.min.js]
[mandsworks.com/js/vendor/jquery-1.9.1.min.js]
[mandsworks.com/js/plugins.js]
[mandsworks.com/js/main.js]
[mandsworks.com/img/glyphicons-halflings.html]
[mandsworks.com/img/glyphicons-halflings-white.html]
[mandsworks.com/css/css/backgroundsize.min.html]
